2023-08-06 04:14:42.900142 - Initialized conversion of CBT469
2023-08-06 04:14:43.382403 - Received CBT.V505.FILE469.PDS from FILE469.XMI 
2023-08-06 04:14:43.385003 - Found $$$#DATE.txt (text/plain) in CBT.V505.FILE469.PDS, moved to PDS/$$$#DATE
2023-08-06 04:14:43.386155 - Found @FILE469.txt (text/plain) in CBT.V505.FILE469.PDS, moved to PDS/@FILE469
2023-08-06 04:14:43.387107 - Found BREAKSET.txt (text/plain) in CBT.V505.FILE469.PDS, moved to PDS/BREAKSET
2023-08-06 04:14:43.388049 - Found CMD0TABL.txt (text/plain) in CBT.V505.FILE469.PDS, moved to PDS/CMD0TABL
2023-08-06 04:14:43.389029 - Found CNA0KBR.txt (text/plain) in CBT.V505.FILE469.PDS, moved to PDS/CNA0KBR
2023-08-06 04:14:43.389994 - Found CNA0KBR1.txt (text/plain) in CBT.V505.FILE469.PDS, moved to PDS/CNA0KBR1
2023-08-06 04:14:43.390964 - Found CNA0KED.txt (text/plain) in CBT.V505.FILE469.PDS, moved to PDS/CNA0KED
2023-08-06 04:14:43.391807 - Found CNA0KED1.txt (text/plain) in CBT.V505.FILE469.PDS, moved to PDS/CNA0KED1
2023-08-06 04:14:43.392732 - Found CPPLRET.txt (text/plain) in CBT.V505.FILE469.PDS, moved to PDS/CPPLRET
2023-08-06 04:14:43.393726 - Found DATECNVT.txt (text/plain) in CBT.V505.FILE469.PDS, moved to PDS/DATECNVT
2023-08-06 04:14:43.394741 - Found DDNLIST.txt (text/plain) in CBT.V505.FILE469.PDS, moved to PDS/DDNLIST
2023-08-06 04:14:43.395711 - Found DSINDEX.txt (text/plain) in CBT.V505.FILE469.PDS, moved to PDS/DSINDEX
2023-08-06 04:14:43.396619 - Found DSN0INFO.txt (text/plain) in CBT.V505.FILE469.PDS, moved to PDS/DSN0INFO
2023-08-06 04:14:43.397643 - Found DSN0MGF.txt (text/plain) in CBT.V505.FILE469.PDS, moved to PDS/DSN0MGF
2023-08-06 04:14:43.398556 - Found EDREC.txt (text/plain) in CBT.V505.FILE469.PDS, moved to PDS/EDREC
2023-08-06 04:14:43.399413 - Found EQURG.txt (text/plain) in CBT.V505.FILE469.PDS, moved to PDS/EQURG
2023-08-06 04:14:43.400222 - Found GET0TABL.txt (text/plain) in CBT.V505.FILE469.PDS, moved to PDS/GET0TABL
2023-08-06 04:14:43.401046 - Found JOB0LIST.txt (text/plain) in CBT.V505.FILE469.PDS, moved to PDS/JOB0LIST
2023-08-06 04:14:43.401985 - Found JOB1LIST.txt (text/plain) in CBT.V505.FILE469.PDS, moved to PDS/JOB1LIST
2023-08-06 04:14:43.402965 - Found KDDN.txt (text/plain) in CBT.V505.FILE469.PDS, moved to PDS/KDDN
2023-08-06 04:14:43.403911 - Found KDSN.txt (text/plain) in CBT.V505.FILE469.PDS, moved to PDS/KDSN
2023-08-06 04:14:43.404725 - Found KDSNNAM.txt (text/plain) in CBT.V505.FILE469.PDS, moved to PDS/KDSNNAM
2023-08-06 04:14:43.405716 - Found KLIB.txt (text/plain) in CBT.V505.FILE469.PDS, moved to PDS/KLIB
2023-08-06 04:14:43.406751 - Found KSUBS.txt (text/plain) in CBT.V505.FILE469.PDS, moved to PDS/KSUBS
2023-08-06 04:14:43.407685 - Found LOCINDEX.txt (text/plain) in CBT.V505.FILE469.PDS, moved to PDS/LOCINDEX
2023-08-06 04:14:43.408510 - Found LOG0MSG.txt (text/plain) in CBT.V505.FILE469.PDS, moved to PDS/LOG0MSG
2023-08-06 04:14:43.409394 - Found LSP0ACE.txt (text/plain) in CBT.V505.FILE469.PDS, moved to PDS/LSP0ACE
2023-08-06 04:14:43.410491 - Found LST0A.txt (text/plain) in CBT.V505.FILE469.PDS, moved to PDS/LST0A
2023-08-06 04:14:43.411466 - Found MINIXDMP.txt (text/plain) in CBT.V505.FILE469.PDS, moved to PDS/MINIXDMP
2023-08-06 04:14:43.412424 - Found NETTRAK.txt (text/plain) in CBT.V505.FILE469.PDS, moved to PDS/NETTRAK
2023-08-06 04:14:43.413290 - Found NEWMSGS.txt (text/plain) in CBT.V505.FILE469.PDS, moved to PDS/NEWMSGS
2023-08-06 04:14:43.414331 - Found OUTPRNT2.txt (text/plain) in CBT.V505.FILE469.PDS, moved to PDS/OUTPRNT2
2023-08-06 04:14:43.415299 - Found PFK0INIT.txt (text/plain) in CBT.V505.FILE469.PDS, moved to PDS/PFK0INIT
2023-08-06 04:14:43.416203 - Found RET0TABL.txt (text/plain) in CBT.V505.FILE469.PDS, moved to PDS/RET0TABL
2023-08-06 04:14:43.417231 - Found TRM0LOCK.txt (text/plain) in CBT.V505.FILE469.PDS, moved to PDS/TRM0LOCK
2023-08-06 04:14:43.418341 - Found TSO0.txt (text/plain) in CBT.V505.FILE469.PDS, moved to PDS/TSO0
2023-08-06 04:14:43.419344 - Found TSO0CMD.txt (text/plain) in CBT.V505.FILE469.PDS, moved to PDS/TSO0CMD
2023-08-06 04:14:43.420364 - Found TUTPRNT1.txt (text/plain) in CBT.V505.FILE469.PDS, moved to PDS/TUTPRNT1
2023-08-06 04:14:43.421409 - Found TUTPRNT2.txt (text/plain) in CBT.V505.FILE469.PDS, moved to PDS/TUTPRNT2
